[INFO] Scanning for projects...
[INFO] 
[INFO] -------------------< com.example:timetable-backend >--------------------
[INFO] Building timetable-backend 0.0.1-SNAPSHOT
[INFO] --------------------------------[ jar ]---------------------------------
[INFO] 
[INFO] >>> spring-boot-maven-plugin:3.4.1:run (default-cli) > test-compile @ timetable-backend >>>
[INFO] 
[INFO] --- maven-resources-plugin:3.3.1:resources (default-resources) @ timetable-backend ---
[INFO] Copying 1 resource from src\main\resources to target\classes
[INFO] Copying 0 resource from src\main\resources to target\classes
[INFO] 
[INFO] --- maven-compiler-plugin:3.13.0:compile (default-compile) @ timetable-backend ---
[INFO] Recompiling the module because of added or removed source files.
[INFO] Compiling 20 source files with javac [debug parameters release 21] to target\classes
[INFO] Annotation processing is enabled because one or more processors were found
  on the class path. A future release of javac may disable annotation processing
  unless at least one processor is specified by name (-processor), or a search
  path is specified (--processor-path, --processor-module-path), or annotation
  processing is enabled explicitly (-proc:only, -proc:full).
  Use -Xlint:-options to suppress this message.
  Use -proc:none to disable annotation processing.
[INFO] -------------------------------------------------------------
[ERROR] COMPILATION ERROR : 
[INFO] -------------------------------------------------------------
[ERROR] /C:/Users/lalan/OneDrive/Desktop/intern/Time-Table-Scheduler-ReactJS/backend/src/main/java/com/example/timetable/controller/ScheduleController.java:[169,50] cannot find symbol
  symbol:   method getRoomCodes()
  location: variable sub of type com.example.timetable.model.Subject
[ERROR] /C:/Users/lalan/OneDrive/Desktop/intern/Time-Table-Scheduler-ReactJS/backend/src/main/java/com/example/timetable/controller/ScheduleController.java:[169,81] cannot find symbol
  symbol:   method getRoomCodes()
  location: variable sub of type com.example.timetable.model.Subject
[ERROR] /C:/Users/lalan/OneDrive/Desktop/intern/Time-Table-Scheduler-ReactJS/backend/src/main/java/com/example/timetable/controller/ScheduleController.java:[170,42] cannot find symbol
  symbol:   method getRoomCodes()
  location: variable sub of type com.example.timetable.model.Subject
[INFO] 3 errors 
[INFO] -------------------------------------------------------------
[INFO] ------------------------------------------------------------------------
[INFO] BUILD FAILURE
[INFO] ------------------------------------------------------------------------
[INFO] Total time:  13.717 s
[INFO] Finished at: 2026-01-18T00:19:24+05:30
[INFO] ------------------------------------------------------------------------
[ERROR] Failed to execute goal org.apache.maven.plugins:maven-compiler-plugin:3.13.0:compile (default-compile) on project timetable-backend: Compilation failure: Compilation failure: 
[ERROR] /C:/Users/lalan/OneDrive/Desktop/intern/Time-Table-Scheduler-ReactJS/backend/src/main/java/com/example/timetable/controller/ScheduleController.java:[169,50] cannot find symbol
[ERROR]   symbol:   method getRoomCodes()
[ERROR]   location: variable sub of type com.example.timetable.model.Subject
[ERROR] /C:/Users/lalan/OneDrive/Desktop/intern/Time-Table-Scheduler-ReactJS/backend/src/main/java/com/example/timetable/controller/ScheduleController.java:[169,81] cannot find symbol
[ERROR]   symbol:   method getRoomCodes()
[ERROR]   location: variable sub of type com.example.timetable.model.Subject
[ERROR] /C:/Users/lalan/OneDrive/Desktop/intern/Time-Table-Scheduler-ReactJS/backend/src/main/java/com/example/timetable/controller/ScheduleController.java:[170,42] cannot find symbol
[ERROR]   symbol:   method getRoomCodes()
[ERROR]   location: variable sub of type com.example.timetable.model.Subject
[ERROR] -> [Help 1]
[ERROR] 
[ERROR] To see the full stack trace of the errors, re-run Maven with the -e switch.
[ERROR] Re-run Maven using the -X switch to enable full debug logging.
[ERROR] 
[ERROR] For more information about the errors and possible solutions, please read the following articles:
[ERROR] [Help 1] http://cwiki.apache.org/confluence/display/MAVEN/MojoFailureException
